2020-12-31 11:07:53,086 INFO org.apache.camel.test.junit4.CamelTestSupport [main] ********************************************************************************
2020-12-31 11:07:53,092 INFO org.apache.camel.test.junit4.CamelTestSupport [main] Testing: testRouteException(com.example.SpringBootTest)
2020-12-31 11:07:53,093 INFO org.apache.camel.test.junit4.CamelTestSupport [main] ********************************************************************************
2020-12-31 11:07:53,357 INFO org.apache.camel.test.junit4.CamelTestSupport [main] ********************************************************************************
2020-12-31 11:07:53,360 INFO org.apache.camel.test.junit4.CamelTestSupport [main] Testing done: testRouteException(com.example.SpringBootTest)
2020-12-31 11:07:53,366 INFO org.apache.camel.test.junit4.CamelTestSupport [main] Took: 0.280 seconds (280 millis)
2020-12-31 11:07:53,369 INFO org.apache.camel.test.junit4.CamelTestSupport [main] ********************************************************************************
2020-12-31 11:21:18,245 INFO org.apache.camel.test.junit4.CamelTestSupport [main] ********************************************************************************
2020-12-31 11:21:18,250 INFO org.apache.camel.test.junit4.CamelTestSupport [main] Testing: testRouteException(com.example.SpringBootTest)
2020-12-31 11:21:18,251 INFO org.apache.camel.test.junit4.CamelTestSupport [main] ********************************************************************************
2020-12-31 11:21:20,980 INFO org.apache.camel.impl.converter.DefaultTypeConverter [main] Loaded 186 type converters
2020-12-31 11:21:20,997 INFO org.apache.camel.impl.DefaultCamelContext [main] Apache Camel 2.17.0 (CamelContext: LoanApplication_Context) is starting
2020-12-31 11:21:21,000 INFO org.apache.camel.impl.DefaultCamelContext [main] StreamCaching is enabled on CamelContext: LoanApplication_Context
2020-12-31 11:21:21,001 INFO org.apache.camel.management.ManagedManagementStrategy [main] JMX is enabled
2020-12-31 11:21:21,319 INFO org.apache.camel.impl.DefaultRuntimeEndpointRegistry [main] Runtime endpoint registry is in extended mode gathering usage statistics of all incoming and outgoing endpoints (cache limit: 1000)
2020-12-31 11:21:21,575 INFO org.apache.camel.impl.DefaultCamelContext [main] AllowUseOriginalMessage is enabled. If access to the original message is not needed, then its recommended to turn this option off as it may improve performance.
2020-12-31 11:21:21,600 INFO org.apache.camel.impl.DefaultStreamCachingStrategy [main] StreamCaching in use with spool directory: /tmp/camel/camel-tmp-4583d49e-f2d4-4f8d-b3a0-b3b7dc9334cb and rules: [Spool > 128K body size]
2020-12-31 11:21:22,007 INFO org.apache.camel.impl.DefaultCamelContext [main] Route: borrower_application_details_route started and consuming from: Endpoint[direct://test]
2020-12-31 11:21:22,051 INFO org.apache.camel.impl.DefaultCamelContext [main] Route: route1 started and consuming from: Endpoint[http://0.0.0.0:9083/api/getDB?restletMethods=GET]
2020-12-31 11:21:22,056 INFO org.apache.camel.impl.DefaultCamelContext [main] Total 2 routes, of which 2 are started.
2020-12-31 11:21:22,061 INFO org.apache.camel.impl.DefaultCamelContext [main] Apache Camel 2.17.0 (CamelContext: LoanApplication_Context) started in 1.059 seconds
2020-12-31 11:21:22,110 INFO org.apache.camel.util.CamelLogger [main] Hit Received at 2020-12-31T11:21:22:107
2020-12-31 11:21:23,469 INFO org.apache.camel.util.CamelLogger [main] Hit Processed at 2020-12-31T11:21:23:469 [{"loanamtreq":"100000","execempid":"1","eligibility":"t","Name":"Jack","nationality":"Indian","dob":"1990-05-02","officeempid":"1","appid":"1","mthlyincome":"25000","id":"1","appdate":"2020-12-28","pan":"HHOAP6698A","age":"29"}]
2020-12-31 11:21:23,472 INFO org.apache.camel.test.junit4.CamelTestSupport [main] ********************************************************************************
2020-12-31 11:21:23,473 INFO org.apache.camel.test.junit4.CamelTestSupport [main] Testing done: testRouteException(com.example.SpringBootTest)
2020-12-31 11:21:23,474 INFO org.apache.camel.test.junit4.CamelTestSupport [main] Took: 1.407 seconds (1407 millis)
2020-12-31 11:21:23,475 INFO org.apache.camel.test.junit4.CamelTestSupport [main] ********************************************************************************
2020-12-31 11:21:23,481 INFO org.apache.camel.impl.DefaultCamelContext [main] Apache Camel 2.17.0 (CamelContext: LoanApplication_Context) is shutting down
2020-12-31 11:21:23,484 INFO org.apache.camel.impl.DefaultShutdownStrategy [main] Starting to graceful shutdown 2 routes (timeout 10 seconds)
2020-12-31 11:21:23,491 INFO org.apache.camel.impl.DefaultShutdownStrategy$ShutdownTask [Camel (LoanApplication_Context) thread #0 - ShutdownTask] Route: route1 shutdown complete, was consuming from: Endpoint[http://0.0.0.0:9083/api/getDB?restletMethods=GET]
2020-12-31 11:21:23,497 INFO org.apache.camel.impl.DefaultShutdownStrategy$ShutdownTask [Camel (LoanApplication_Context) thread #0 - ShutdownTask] Route: borrower_application_details_route shutdown complete, was consuming from: Endpoint[direct://test]
2020-12-31 11:21:23,500 INFO org.apache.camel.impl.DefaultShutdownStrategy [main] Graceful shutdown of 2 routes completed in 0 seconds
2020-12-31 11:21:23,521 INFO org.apache.camel.impl.DefaultCamelContext [main] Apache Camel 2.17.0 (CamelContext: LoanApplication_Context) uptime 2.524 seconds
2020-12-31 11:21:23,526 INFO org.apache.camel.impl.DefaultCamelContext [main] Apache Camel 2.17.0 (CamelContext: LoanApplication_Context) is shutdown in 0.040 seconds
2020-12-31 11:24:53,073 INFO org.apache.camel.test.junit4.CamelTestSupport [main] ********************************************************************************
2020-12-31 11:24:53,078 INFO org.apache.camel.test.junit4.CamelTestSupport [main] Testing: testRouteException(com.example.SpringBootTest)
2020-12-31 11:24:53,079 INFO org.apache.camel.test.junit4.CamelTestSupport [main] ********************************************************************************
2020-12-31 11:24:55,658 INFO org.apache.camel.impl.converter.DefaultTypeConverter [main] Loaded 186 type converters
2020-12-31 11:24:55,677 INFO org.apache.camel.impl.DefaultCamelContext [main] Apache Camel 2.17.0 (CamelContext: LoanApplication_Context) is starting
2020-12-31 11:24:55,681 INFO org.apache.camel.impl.DefaultCamelContext [main] StreamCaching is enabled on CamelContext: LoanApplication_Context
2020-12-31 11:24:55,683 INFO org.apache.camel.management.ManagedManagementStrategy [main] JMX is enabled
2020-12-31 11:24:55,926 INFO org.apache.camel.impl.DefaultRuntimeEndpointRegistry [main] Runtime endpoint registry is in extended mode gathering usage statistics of all incoming and outgoing endpoints (cache limit: 1000)
2020-12-31 11:24:56,163 INFO org.apache.camel.impl.DefaultCamelContext [main] AllowUseOriginalMessage is enabled. If access to the original message is not needed, then its recommended to turn this option off as it may improve performance.
2020-12-31 11:24:56,185 INFO org.apache.camel.impl.DefaultStreamCachingStrategy [main] StreamCaching in use with spool directory: /tmp/camel/camel-tmp-226ebb56-d8dd-43a8-83f3-ceb3346d9979 and rules: [Spool > 128K body size]
2020-12-31 11:24:56,523 INFO org.apache.camel.impl.DefaultCamelContext [main] Route: borrower_application_details_route started and consuming from: Endpoint[direct://test]
2020-12-31 11:24:56,609 INFO org.apache.camel.impl.DefaultCamelContext [main] Route: route1 started and consuming from: Endpoint[http://0.0.0.0:9083/api/getDB?restletMethods=GET]
2020-12-31 11:24:56,613 INFO org.apache.camel.impl.DefaultCamelContext [main] Total 2 routes, of which 2 are started.
2020-12-31 11:24:56,620 INFO org.apache.camel.impl.DefaultCamelContext [main] Apache Camel 2.17.0 (CamelContext: LoanApplication_Context) started in 0.937 seconds
2020-12-31 11:24:56,679 INFO org.apache.camel.util.CamelLogger [main] Hit Received at 2020-12-31T11:24:56:679
2020-12-31 11:24:56,942 INFO org.apache.camel.util.CamelLogger [main] Hit Processed at 2020-12-31T11:24:56:941 [{"loanamtreq":"100000","execempid":"1","eligibility":"t","Name":"Jack","nationality":"Indian","dob":"1990-05-02","officeempid":"1","appid":"1","mthlyincome":"25000","id":"1","appdate":"2020-12-28","pan":"HHOAP6698A","age":"29"}]
2020-12-31 11:24:56,947 INFO org.apache.camel.test.junit4.CamelTestSupport [main] ********************************************************************************
2020-12-31 11:24:56,949 INFO org.apache.camel.test.junit4.CamelTestSupport [main] Testing done: testRouteException(com.example.SpringBootTest)
2020-12-31 11:24:56,953 INFO org.apache.camel.test.junit4.CamelTestSupport [main] Took: 0.318 seconds (318 millis)
2020-12-31 11:24:56,955 INFO org.apache.camel.test.junit4.CamelTestSupport [main] ********************************************************************************
2020-12-31 11:24:56,958 INFO org.apache.camel.impl.DefaultCamelContext [main] Apache Camel 2.17.0 (CamelContext: LoanApplication_Context) is shutting down
2020-12-31 11:24:56,961 INFO org.apache.camel.impl.DefaultShutdownStrategy [main] Starting to graceful shutdown 2 routes (timeout 10 seconds)
2020-12-31 11:24:56,971 INFO org.apache.camel.impl.DefaultShutdownStrategy$ShutdownTask [Camel (LoanApplication_Context) thread #0 - ShutdownTask] Route: route1 shutdown complete, was consuming from: Endpoint[http://0.0.0.0:9083/api/getDB?restletMethods=GET]
2020-12-31 11:24:56,975 INFO org.apache.camel.impl.DefaultShutdownStrategy$ShutdownTask [Camel (LoanApplication_Context) thread #0 - ShutdownTask] Route: borrower_application_details_route shutdown complete, was consuming from: Endpoint[direct://test]
2020-12-31 11:24:56,978 INFO org.apache.camel.impl.DefaultShutdownStrategy [main] Graceful shutdown of 2 routes completed in 0 seconds
2020-12-31 11:24:57,016 INFO org.apache.camel.impl.DefaultCamelContext [main] Apache Camel 2.17.0 (CamelContext: LoanApplication_Context) uptime 1.340 seconds
2020-12-31 11:24:57,021 INFO org.apache.camel.impl.DefaultCamelContext [main] Apache Camel 2.17.0 (CamelContext: LoanApplication_Context) is shutdown in 0.058 seconds
2020-12-31 11:29:07,516 INFO org.apache.camel.test.junit4.CamelTestSupport [main] ********************************************************************************
2020-12-31 11:29:07,521 INFO org.apache.camel.test.junit4.CamelTestSupport [main] Testing: testRouteException(com.example.SpringBootTest)
2020-12-31 11:29:07,522 INFO org.apache.camel.test.junit4.CamelTestSupport [main] ********************************************************************************
2020-12-31 11:29:09,945 INFO org.apache.camel.impl.converter.DefaultTypeConverter [main] Loaded 186 type converters
2020-12-31 11:29:09,967 INFO org.apache.camel.impl.DefaultCamelContext [main] Apache Camel 2.17.0 (CamelContext: LoanApplication_Context) is starting
2020-12-31 11:29:09,969 INFO org.apache.camel.impl.DefaultCamelContext [main] StreamCaching is enabled on CamelContext: LoanApplication_Context
2020-12-31 11:29:09,970 INFO org.apache.camel.management.ManagedManagementStrategy [main] JMX is enabled
2020-12-31 11:29:10,249 INFO org.apache.camel.impl.DefaultRuntimeEndpointRegistry [main] Runtime endpoint registry is in extended mode gathering usage statistics of all incoming and outgoing endpoints (cache limit: 1000)
2020-12-31 11:29:10,489 INFO org.apache.camel.impl.DefaultCamelContext [main] AllowUseOriginalMessage is enabled. If access to the original message is not needed, then its recommended to turn this option off as it may improve performance.
2020-12-31 11:29:10,519 INFO org.apache.camel.impl.DefaultStreamCachingStrategy [main] StreamCaching in use with spool directory: /tmp/camel/camel-tmp-10e91d74-ffc0-4adf-8d7b-8c5ba8c806d6 and rules: [Spool > 128K body size]
2020-12-31 11:29:10,909 INFO org.apache.camel.impl.DefaultCamelContext [main] Route: borrower_application_details_route started and consuming from: Endpoint[direct://test]
2020-12-31 11:29:10,971 INFO org.apache.camel.impl.DefaultCamelContext [main] Route: route1 started and consuming from: Endpoint[http://0.0.0.0:9083/api/getDB?restletMethods=GET]
2020-12-31 11:29:10,985 INFO org.apache.camel.impl.DefaultCamelContext [main] Total 2 routes, of which 2 are started.
2020-12-31 11:29:10,996 INFO org.apache.camel.impl.DefaultCamelContext [main] Apache Camel 2.17.0 (CamelContext: LoanApplication_Context) started in 1.018 seconds
2020-12-31 11:29:11,037 INFO org.apache.camel.util.CamelLogger [main] Hit Received at 2020-12-31T11:29:11:034
2020-12-31 11:29:11,305 INFO org.apache.camel.util.CamelLogger [main] Hit Processed at 2020-12-31T11:29:11:298 [{"loanamtreq":"100000","execempid":"1","eligibility":"t","Name":"Jack","nationality":"Indian","dob":"1990-05-02","officeempid":"1","appid":"1","mthlyincome":"25000","id":"1","appdate":"2020-12-28","pan":"HHOAP6698A","age":"29"}]
2020-12-31 11:29:11,310 INFO org.apache.camel.component.mock.MockEndpoint [main] Asserting: Endpoint[mock://SAP] is satisfied
2020-12-31 11:29:11,311 INFO org.apache.camel.test.junit4.CamelTestSupport [main] ********************************************************************************
2020-12-31 11:29:11,315 INFO org.apache.camel.test.junit4.CamelTestSupport [main] Testing done: testRouteException(com.example.SpringBootTest)
2020-12-31 11:29:11,316 INFO org.apache.camel.test.junit4.CamelTestSupport [main] Took: 0.314 seconds (314 millis)
2020-12-31 11:29:11,319 INFO org.apache.camel.test.junit4.CamelTestSupport [main] ********************************************************************************
2020-12-31 11:29:11,322 INFO org.apache.camel.impl.DefaultCamelContext [main] Apache Camel 2.17.0 (CamelContext: LoanApplication_Context) is shutting down
2020-12-31 11:29:11,324 INFO org.apache.camel.impl.DefaultShutdownStrategy [main] Starting to graceful shutdown 2 routes (timeout 10 seconds)
2020-12-31 11:29:11,346 INFO org.apache.camel.impl.DefaultShutdownStrategy$ShutdownTask [Camel (LoanApplication_Context) thread #0 - ShutdownTask] Route: route1 shutdown complete, was consuming from: Endpoint[http://0.0.0.0:9083/api/getDB?restletMethods=GET]
2020-12-31 11:29:11,350 INFO org.apache.camel.impl.DefaultShutdownStrategy$ShutdownTask [Camel (LoanApplication_Context) thread #0 - ShutdownTask] Route: borrower_application_details_route shutdown complete, was consuming from: Endpoint[direct://test]
2020-12-31 11:29:11,351 INFO org.apache.camel.impl.DefaultShutdownStrategy [main] Graceful shutdown of 2 routes completed in 0 seconds
2020-12-31 11:29:11,372 INFO org.apache.camel.impl.DefaultCamelContext [main] Apache Camel 2.17.0 (CamelContext: LoanApplication_Context) uptime 1.405 seconds
2020-12-31 11:29:11,373 INFO org.apache.camel.impl.DefaultCamelContext [main] Apache Camel 2.17.0 (CamelContext: LoanApplication_Context) is shutdown in 0.050 seconds
2020-12-31 11:54:03,475 INFO org.apache.camel.test.junit4.CamelTestSupport [main] ********************************************************************************
2020-12-31 11:54:03,481 INFO org.apache.camel.test.junit4.CamelTestSupport [main] Testing: testRouteException(com.example.SpringBootTest)
2020-12-31 11:54:03,482 INFO org.apache.camel.test.junit4.CamelTestSupport [main] ********************************************************************************
2020-12-31 11:54:05,885 INFO org.apache.camel.impl.converter.DefaultTypeConverter [main] Loaded 186 type converters
2020-12-31 11:54:05,904 INFO org.apache.camel.impl.DefaultCamelContext [main] Apache Camel 2.17.0 (CamelContext: LoanApplication_Context) is starting
2020-12-31 11:54:05,913 INFO org.apache.camel.impl.DefaultCamelContext [main] StreamCaching is enabled on CamelContext: LoanApplication_Context
2020-12-31 11:54:05,917 INFO org.apache.camel.management.ManagedManagementStrategy [main] JMX is enabled
2020-12-31 11:54:06,221 INFO org.apache.camel.impl.DefaultRuntimeEndpointRegistry [main] Runtime endpoint registry is in extended mode gathering usage statistics of all incoming and outgoing endpoints (cache limit: 1000)
2020-12-31 11:54:06,490 INFO org.apache.camel.impl.DefaultCamelContext [main] AllowUseOriginalMessage is enabled. If access to the original message is not needed, then its recommended to turn this option off as it may improve performance.
2020-12-31 11:54:06,517 INFO org.apache.camel.impl.DefaultStreamCachingStrategy [main] StreamCaching in use with spool directory: /tmp/camel/camel-tmp-cb5cc3a2-4b70-4d37-a613-fc525ff3b7e0 and rules: [Spool > 128K body size]
2020-12-31 11:54:06,881 INFO org.apache.camel.impl.DefaultCamelContext [main] Route: borrower_application_details_route started and consuming from: Endpoint[direct://test]
2020-12-31 11:54:06,937 INFO org.apache.camel.impl.DefaultCamelContext [main] Route: route1 started and consuming from: Endpoint[http://0.0.0.0:9083/api/getDB?restletMethods=GET]
2020-12-31 11:54:06,952 INFO org.apache.camel.impl.DefaultCamelContext [main] Total 2 routes, of which 2 are started.
2020-12-31 11:54:06,959 INFO org.apache.camel.impl.DefaultCamelContext [main] Apache Camel 2.17.0 (CamelContext: LoanApplication_Context) started in 1.048 seconds
2020-12-31 11:54:07,027 INFO org.apache.camel.util.CamelLogger [main] Hit Received at 2020-12-31T11:54:07:027
2020-12-31 11:54:07,304 INFO org.apache.camel.util.CamelLogger [main] Hit Processed at 2020-12-31T11:54:07:303 [{"loanamtreq":"100000","execempid":"1","eligibility":"t","Name":"Jack","nationality":"Indian","dob":"1990-05-02","officeempid":"1","appid":"1","mthlyincome":"25000","id":"1","appdate":"2020-12-28","pan":"HHOAP6698A","age":"29"}]
2020-12-31 11:54:07,314 INFO org.apache.camel.component.mock.MockEndpoint [main] Asserting: Endpoint[mock://SAP] is satisfied
2020-12-31 11:54:07,317 INFO org.apache.camel.test.junit4.CamelTestSupport [main] ********************************************************************************
2020-12-31 11:54:07,320 INFO org.apache.camel.test.junit4.CamelTestSupport [main] Testing done: testRouteException(com.example.SpringBootTest)
2020-12-31 11:54:07,323 INFO org.apache.camel.test.junit4.CamelTestSupport [main] Took: 0.351 seconds (351 millis)
2020-12-31 11:54:07,327 INFO org.apache.camel.test.junit4.CamelTestSupport [main] ********************************************************************************
2020-12-31 11:54:07,331 INFO org.apache.camel.impl.DefaultCamelContext [main] Apache Camel 2.17.0 (CamelContext: LoanApplication_Context) is shutting down
2020-12-31 11:54:07,335 INFO org.apache.camel.impl.DefaultShutdownStrategy [main] Starting to graceful shutdown 2 routes (timeout 10 seconds)
2020-12-31 11:54:07,346 INFO org.apache.camel.impl.DefaultShutdownStrategy$ShutdownTask [Camel (LoanApplication_Context) thread #0 - ShutdownTask] Route: route1 shutdown complete, was consuming from: Endpoint[http://0.0.0.0:9083/api/getDB?restletMethods=GET]
2020-12-31 11:54:07,352 INFO org.apache.camel.impl.DefaultShutdownStrategy$ShutdownTask [Camel (LoanApplication_Context) thread #0 - ShutdownTask] Route: borrower_application_details_route shutdown complete, was consuming from: Endpoint[direct://test]
2020-12-31 11:54:07,366 INFO org.apache.camel.impl.DefaultShutdownStrategy [main] Graceful shutdown of 2 routes completed in 0 seconds
2020-12-31 11:54:07,398 INFO org.apache.camel.impl.DefaultCamelContext [main] Apache Camel 2.17.0 (CamelContext: LoanApplication_Context) uptime 1.493 seconds
2020-12-31 11:54:07,398 INFO org.apache.camel.impl.DefaultCamelContext [main] Apache Camel 2.17.0 (CamelContext: LoanApplication_Context) is shutdown in 0.066 seconds
2020-12-31 11:55:01,635 INFO org.apache.camel.test.junit4.CamelTestSupport [main] ********************************************************************************
2020-12-31 11:55:01,642 INFO org.apache.camel.test.junit4.CamelTestSupport [main] Testing: testRouteException(com.example.SpringBootTest)
2020-12-31 11:55:01,643 INFO org.apache.camel.test.junit4.CamelTestSupport [main] ********************************************************************************
2020-12-31 11:55:04,066 INFO org.apache.camel.impl.converter.DefaultTypeConverter [main] Loaded 186 type converters
2020-12-31 11:55:04,078 INFO org.apache.camel.impl.DefaultCamelContext [main] Apache Camel 2.17.0 (CamelContext: LoanApplication_Context) is starting
2020-12-31 11:55:04,080 INFO org.apache.camel.impl.DefaultCamelContext [main] StreamCaching is enabled on CamelContext: LoanApplication_Context
2020-12-31 11:55:04,081 INFO org.apache.camel.management.ManagedManagementStrategy [main] JMX is enabled
2020-12-31 11:55:04,323 INFO org.apache.camel.impl.DefaultRuntimeEndpointRegistry [main] Runtime endpoint registry is in extended mode gathering usage statistics of all incoming and outgoing endpoints (cache limit: 1000)
2020-12-31 11:55:04,529 INFO org.apache.camel.impl.DefaultCamelContext [main] AllowUseOriginalMessage is enabled. If access to the original message is not needed, then its recommended to turn this option off as it may improve performance.
2020-12-31 11:55:04,555 INFO org.apache.camel.impl.DefaultStreamCachingStrategy [main] StreamCaching in use with spool directory: /tmp/camel/camel-tmp-3f00d4b9-228e-4373-9dd8-3f85fef5cadd and rules: [Spool > 128K body size]
2020-12-31 11:55:04,957 INFO org.apache.camel.impl.DefaultCamelContext [main] Route: borrower_application_details_route started and consuming from: Endpoint[direct://test]
2020-12-31 11:55:04,958 INFO org.apache.camel.impl.DefaultCamelContext [main] Apache Camel 2.17.0 (CamelContext: LoanApplication_Context) is shutting down
2020-12-31 11:55:04,961 INFO org.apache.camel.impl.DefaultShutdownStrategy [main] Starting to graceful shutdown 1 routes (timeout 10 seconds)
2020-12-31 11:55:04,975 INFO org.apache.camel.impl.DefaultShutdownStrategy$ShutdownTask [Camel (LoanApplication_Context) thread #0 - ShutdownTask] Route: borrower_application_details_route shutdown complete, was consuming from: Endpoint[direct://test]
2020-12-31 11:55:04,977 INFO org.apache.camel.impl.DefaultShutdownStrategy [main] Graceful shutdown of 1 routes completed in 0 seconds
2020-12-31 11:55:04,990 INFO org.apache.camel.impl.DefaultCamelContext [main] Apache Camel 2.17.0 (CamelContext: LoanApplication_Context) uptime 0.911 seconds
2020-12-31 11:55:04,998 INFO org.apache.camel.impl.DefaultCamelContext [main] Apache Camel 2.17.0 (CamelContext: LoanApplication_Context) is shutdown in 0.031 seconds
2020-12-31 11:55:05,001 INFO org.apache.camel.test.junit4.CamelTestSupport [main] ********************************************************************************
2020-12-31 11:55:05,004 INFO org.apache.camel.test.junit4.CamelTestSupport [main] Testing done: testRouteException(com.example.SpringBootTest)
2020-12-31 11:55:05,007 INFO org.apache.camel.test.junit4.CamelTestSupport [main] Took: 3.372 seconds (3372 millis)
2020-12-31 11:55:05,014 INFO org.apache.camel.test.junit4.CamelTestSupport [main] ********************************************************************************
2020-12-31 11:57:40,920 INFO org.apache.camel.test.junit4.CamelTestSupport [main] ********************************************************************************
2020-12-31 11:57:40,926 INFO org.apache.camel.test.junit4.CamelTestSupport [main] Testing: testRouteException(com.example.SpringBootTest)
2020-12-31 11:57:40,927 INFO org.apache.camel.test.junit4.CamelTestSupport [main] ********************************************************************************
2020-12-31 11:57:43,356 INFO org.apache.camel.impl.converter.DefaultTypeConverter [main] Loaded 186 type converters
2020-12-31 11:57:43,378 INFO org.apache.camel.impl.DefaultCamelContext [main] Apache Camel 2.17.0 (CamelContext: LoanApplication_Context) is starting
2020-12-31 11:57:43,381 INFO org.apache.camel.impl.DefaultCamelContext [main] StreamCaching is enabled on CamelContext: LoanApplication_Context
2020-12-31 11:57:43,383 INFO org.apache.camel.management.ManagedManagementStrategy [main] JMX is enabled
2020-12-31 11:57:43,625 INFO org.apache.camel.impl.DefaultRuntimeEndpointRegistry [main] Runtime endpoint registry is in extended mode gathering usage statistics of all incoming and outgoing endpoints (cache limit: 1000)
2020-12-31 11:57:43,843 INFO org.apache.camel.impl.DefaultCamelContext [main] AllowUseOriginalMessage is enabled. If access to the original message is not needed, then its recommended to turn this option off as it may improve performance.
2020-12-31 11:57:43,880 INFO org.apache.camel.impl.DefaultStreamCachingStrategy [main] StreamCaching in use with spool directory: /tmp/camel/camel-tmp-f2457465-67fc-47c2-a386-0379fcc29f0a and rules: [Spool > 128K body size]
2020-12-31 11:57:44,263 INFO org.apache.camel.impl.DefaultCamelContext [main] Route: borrower_application_details_route started and consuming from: Endpoint[direct://test]
2020-12-31 11:57:44,320 INFO org.apache.camel.impl.DefaultCamelContext [main] Route: route1 started and consuming from: Endpoint[http://0.0.0.0:9083/api/getDB?restletMethods=GET]
2020-12-31 11:57:44,327 INFO org.apache.camel.impl.DefaultCamelContext [main] Total 2 routes, of which 2 are started.
2020-12-31 11:57:44,331 INFO org.apache.camel.impl.DefaultCamelContext [main] Apache Camel 2.17.0 (CamelContext: LoanApplication_Context) started in 0.949 seconds
2020-12-31 11:57:44,382 INFO org.apache.camel.util.CamelLogger [main] Hit Received at 2020-12-31T11:57:44:381
2020-12-31 11:57:44,621 INFO org.apache.camel.util.CamelLogger [main] Hit Processed at 2020-12-31T11:57:44:621 [{"loanamtreq":"100000","execempid":"1","eligibility":"t","Name":"Jack","nationality":"Indian","dob":"1990-05-02","officeempid":"1","appid":"1","mthlyincome":"25000","id":"1","appdate":"2020-12-28","pan":"HHOAP6698A","age":"29"}]
2020-12-31 11:57:44,625 INFO org.apache.camel.component.mock.MockEndpoint [main] Asserting: Endpoint[mock://SAP] is satisfied
2020-12-31 11:57:44,628 INFO org.apache.camel.test.junit4.CamelTestSupport [main] ********************************************************************************
2020-12-31 11:57:44,628 INFO org.apache.camel.test.junit4.CamelTestSupport [main] Testing done: testRouteException(com.example.SpringBootTest)
2020-12-31 11:57:44,629 INFO org.apache.camel.test.junit4.CamelTestSupport [main] Took: 0.293 seconds (293 millis)
2020-12-31 11:57:44,630 INFO org.apache.camel.test.junit4.CamelTestSupport [main] ********************************************************************************
2020-12-31 11:57:44,631 INFO org.apache.camel.impl.DefaultCamelContext [main] Apache Camel 2.17.0 (CamelContext: LoanApplication_Context) is shutting down
2020-12-31 11:57:44,632 INFO org.apache.camel.impl.DefaultShutdownStrategy [main] Starting to graceful shutdown 2 routes (timeout 10 seconds)
2020-12-31 11:57:44,658 INFO org.apache.camel.impl.DefaultShutdownStrategy$ShutdownTask [Camel (LoanApplication_Context) thread #0 - ShutdownTask] Route: route1 shutdown complete, was consuming from: Endpoint[http://0.0.0.0:9083/api/getDB?restletMethods=GET]
2020-12-31 11:57:44,663 INFO org.apache.camel.impl.DefaultShutdownStrategy$ShutdownTask [Camel (LoanApplication_Context) thread #0 - ShutdownTask] Route: borrower_application_details_route shutdown complete, was consuming from: Endpoint[direct://test]
2020-12-31 11:57:44,667 INFO org.apache.camel.impl.DefaultShutdownStrategy [main] Graceful shutdown of 2 routes completed in 0 seconds
2020-12-31 11:57:44,696 INFO org.apache.camel.impl.DefaultCamelContext [main] Apache Camel 2.17.0 (CamelContext: LoanApplication_Context) uptime 1.318 seconds
2020-12-31 11:57:44,697 INFO org.apache.camel.impl.DefaultCamelContext [main] Apache Camel 2.17.0 (CamelContext: LoanApplication_Context) is shutdown in 0.065 seconds
2020-12-31 11:58:21,475 INFO org.apache.camel.test.junit4.CamelTestSupport [main] ********************************************************************************
2020-12-31 11:58:21,480 INFO org.apache.camel.test.junit4.CamelTestSupport [main] Testing: testRouteException(com.example.SpringBootTest)
2020-12-31 11:58:21,481 INFO org.apache.camel.test.junit4.CamelTestSupport [main] ********************************************************************************
2020-12-31 11:58:23,897 INFO org.apache.camel.impl.converter.DefaultTypeConverter [main] Loaded 186 type converters
2020-12-31 11:58:23,915 INFO org.apache.camel.impl.DefaultCamelContext [main] Apache Camel 2.17.0 (CamelContext: LoanApplication_Context) is starting
2020-12-31 11:58:23,919 INFO org.apache.camel.impl.DefaultCamelContext [main] StreamCaching is enabled on CamelContext: LoanApplication_Context
2020-12-31 11:58:23,922 INFO org.apache.camel.management.ManagedManagementStrategy [main] JMX is enabled
2020-12-31 11:58:24,161 INFO org.apache.camel.impl.DefaultRuntimeEndpointRegistry [main] Runtime endpoint registry is in extended mode gathering usage statistics of all incoming and outgoing endpoints (cache limit: 1000)
2020-12-31 11:58:24,401 INFO org.apache.camel.impl.DefaultCamelContext [main] AllowUseOriginalMessage is enabled. If access to the original message is not needed, then its recommended to turn this option off as it may improve performance.
2020-12-31 11:58:24,428 INFO org.apache.camel.impl.DefaultStreamCachingStrategy [main] StreamCaching in use with spool directory: /tmp/camel/camel-tmp-df024cbd-23d5-4cb1-88dc-036600b79b03 and rules: [Spool > 128K body size]
2020-12-31 11:58:24,831 INFO org.apache.camel.impl.DefaultCamelContext [main] Route: borrower_application_details_route started and consuming from: Endpoint[direct://test]
2020-12-31 11:58:24,903 INFO org.apache.camel.impl.DefaultCamelContext [main] Route: route1 started and consuming from: Endpoint[http://0.0.0.0:9083/api/getDB?restletMethods=GET]
2020-12-31 11:58:24,906 INFO org.apache.camel.impl.DefaultCamelContext [main] Total 2 routes, of which 2 are started.
2020-12-31 11:58:24,915 INFO org.apache.camel.impl.DefaultCamelContext [main] Apache Camel 2.17.0 (CamelContext: LoanApplication_Context) started in 0.991 seconds
2020-12-31 11:58:24,973 INFO org.apache.camel.util.CamelLogger [main] Hit Received at 2020-12-31T11:58:24:973
2020-12-31 11:58:25,212 INFO org.apache.camel.util.CamelLogger [main] Hit Processed at 2020-12-31T11:58:25:211 [{"loanamtreq":"100000","execempid":"1","eligibility":"t","Name":"Jack","nationality":"Indian","dob":"1990-05-02","officeempid":"1","appid":"1","mthlyincome":"25000","id":"1","appdate":"2020-12-28","pan":"HHOAP6698A","age":"29"}]
2020-12-31 11:58:25,216 INFO org.apache.camel.test.junit4.CamelTestSupport [main] ********************************************************************************
2020-12-31 11:58:25,217 INFO org.apache.camel.test.junit4.CamelTestSupport [main] Testing done: testRouteException(com.example.SpringBootTest)
2020-12-31 11:58:25,219 INFO org.apache.camel.test.junit4.CamelTestSupport [main] Took: 0.290 seconds (290 millis)
2020-12-31 11:58:25,220 INFO org.apache.camel.test.junit4.CamelTestSupport [main] ********************************************************************************
2020-12-31 11:58:25,222 INFO org.apache.camel.impl.DefaultCamelContext [main] Apache Camel 2.17.0 (CamelContext: LoanApplication_Context) is shutting down
2020-12-31 11:58:25,225 INFO org.apache.camel.impl.DefaultShutdownStrategy [main] Starting to graceful shutdown 2 routes (timeout 10 seconds)
2020-12-31 11:58:25,234 INFO org.apache.camel.impl.DefaultShutdownStrategy$ShutdownTask [Camel (LoanApplication_Context) thread #0 - ShutdownTask] Route: route1 shutdown complete, was consuming from: Endpoint[http://0.0.0.0:9083/api/getDB?restletMethods=GET]
2020-12-31 11:58:25,245 INFO org.apache.camel.impl.DefaultShutdownStrategy$ShutdownTask [Camel (LoanApplication_Context) thread #0 - ShutdownTask] Route: borrower_application_details_route shutdown complete, was consuming from: Endpoint[direct://test]
2020-12-31 11:58:25,247 INFO org.apache.camel.impl.DefaultShutdownStrategy [main] Graceful shutdown of 2 routes completed in 0 seconds
2020-12-31 11:58:25,270 INFO org.apache.camel.impl.DefaultCamelContext [main] Apache Camel 2.17.0 (CamelContext: LoanApplication_Context) uptime 1.355 seconds
2020-12-31 11:58:25,276 INFO org.apache.camel.impl.DefaultCamelContext [main] Apache Camel 2.17.0 (CamelContext: LoanApplication_Context) is shutdown in 0.048 seconds
2020-12-31 11:59:29,529 INFO org.apache.camel.test.junit4.CamelTestSupport [main] ********************************************************************************
2020-12-31 11:59:29,535 INFO org.apache.camel.test.junit4.CamelTestSupport [main] Testing: testRouteException(com.example.SpringBootTest)
2020-12-31 11:59:29,536 INFO org.apache.camel.test.junit4.CamelTestSupport [main] ********************************************************************************
2020-12-31 11:59:31,869 INFO org.apache.camel.impl.converter.DefaultTypeConverter [main] Loaded 186 type converters
2020-12-31 11:59:31,881 INFO org.apache.camel.impl.DefaultCamelContext [main] Apache Camel 2.17.0 (CamelContext: LoanApplication_Context) is starting
2020-12-31 11:59:31,884 INFO org.apache.camel.impl.DefaultCamelContext [main] StreamCaching is enabled on CamelContext: LoanApplication_Context
2020-12-31 11:59:31,885 INFO org.apache.camel.management.ManagedManagementStrategy [main] JMX is enabled
2020-12-31 11:59:32,124 INFO org.apache.camel.impl.DefaultRuntimeEndpointRegistry [main] Runtime endpoint registry is in extended mode gathering usage statistics of all incoming and outgoing endpoints (cache limit: 1000)
2020-12-31 11:59:32,368 INFO org.apache.camel.impl.DefaultCamelContext [main] AllowUseOriginalMessage is enabled. If access to the original message is not needed, then its recommended to turn this option off as it may improve performance.
2020-12-31 11:59:32,397 INFO org.apache.camel.impl.DefaultStreamCachingStrategy [main] StreamCaching in use with spool directory: /tmp/camel/camel-tmp-3ec86c72-d3ff-4571-ac16-a6fb5ed7d4e3 and rules: [Spool > 128K body size]
2020-12-31 11:59:32,767 INFO org.apache.camel.impl.DefaultCamelContext [main] Route: borrower_application_details_route started and consuming from: Endpoint[direct://test]
2020-12-31 11:59:32,823 INFO org.apache.camel.impl.DefaultCamelContext [main] Route: route1 started and consuming from: Endpoint[http://0.0.0.0:9083/api/getDB?restletMethods=GET]
2020-12-31 11:59:32,832 INFO org.apache.camel.impl.DefaultCamelContext [main] Total 2 routes, of which 2 are started.
2020-12-31 11:59:32,846 INFO org.apache.camel.impl.DefaultCamelContext [main] Apache Camel 2.17.0 (CamelContext: LoanApplication_Context) started in 0.952 seconds
2020-12-31 11:59:32,906 INFO org.apache.camel.util.CamelLogger [main] Hit Received at 2020-12-31T11:59:32:906
2020-12-31 11:59:33,125 INFO org.apache.camel.util.CamelLogger [main] Hit Processed at 2020-12-31T11:59:33:124 [{"loanamtreq":"100000","execempid":"1","eligibility":"t","Name":"Jack","nationality":"Indian","dob":"1990-05-02","officeempid":"1","appid":"1","mthlyincome":"25000","id":"1","appdate":"2020-12-28","pan":"HHOAP6698A","age":"29"}]
2020-12-31 11:59:33,142 INFO org.apache.camel.component.mock.MockEndpoint [main] Asserting: Endpoint[mock://SAP] is satisfied
2020-12-31 11:59:33,145 INFO org.apache.camel.test.junit4.CamelTestSupport [main] ********************************************************************************
2020-12-31 11:59:33,148 INFO org.apache.camel.test.junit4.CamelTestSupport [main] Testing done: testRouteException(com.example.SpringBootTest)
2020-12-31 11:59:33,150 INFO org.apache.camel.test.junit4.CamelTestSupport [main] Took: 0.295 seconds (295 millis)
2020-12-31 11:59:33,153 INFO org.apache.camel.test.junit4.CamelTestSupport [main] ********************************************************************************
2020-12-31 11:59:33,159 INFO org.apache.camel.impl.DefaultCamelContext [main] Apache Camel 2.17.0 (CamelContext: LoanApplication_Context) is shutting down
2020-12-31 11:59:33,163 INFO org.apache.camel.impl.DefaultShutdownStrategy [main] Starting to graceful shutdown 2 routes (timeout 10 seconds)
2020-12-31 11:59:33,171 INFO org.apache.camel.impl.DefaultShutdownStrategy$ShutdownTask [Camel (LoanApplication_Context) thread #0 - ShutdownTask] Route: route1 shutdown complete, was consuming from: Endpoint[http://0.0.0.0:9083/api/getDB?restletMethods=GET]
2020-12-31 11:59:33,176 INFO org.apache.camel.impl.DefaultShutdownStrategy$ShutdownTask [Camel (LoanApplication_Context) thread #0 - ShutdownTask] Route: borrower_application_details_route shutdown complete, was consuming from: Endpoint[direct://test]
2020-12-31 11:59:33,188 INFO org.apache.camel.impl.DefaultShutdownStrategy [main] Graceful shutdown of 2 routes completed in 0 seconds
2020-12-31 11:59:33,211 INFO org.apache.camel.impl.DefaultCamelContext [main] Apache Camel 2.17.0 (CamelContext: LoanApplication_Context) uptime 1.331 seconds
2020-12-31 11:59:33,212 INFO org.apache.camel.impl.DefaultCamelContext [main] Apache Camel 2.17.0 (CamelContext: LoanApplication_Context) is shutdown in 0.052 seconds
2020-12-31 12:12:13,770 INFO org.apache.camel.test.junit4.CamelTestSupport [main] ********************************************************************************
2020-12-31 12:12:13,776 INFO org.apache.camel.test.junit4.CamelTestSupport [main] Testing: testRouteException(com.example.SpringBootTest)
2020-12-31 12:12:13,777 INFO org.apache.camel.test.junit4.CamelTestSupport [main] ********************************************************************************
2020-12-31 12:12:18,908 INFO org.apache.camel.impl.converter.DefaultTypeConverter [main] Loaded 186 type converters
2020-12-31 12:12:18,929 INFO org.apache.camel.impl.DefaultCamelContext [main] Apache Camel 2.17.0 (CamelContext: LoanApplication_Context) is starting
2020-12-31 12:12:18,933 INFO org.apache.camel.impl.DefaultCamelContext [main] StreamCaching is enabled on CamelContext: LoanApplication_Context
2020-12-31 12:12:18,934 INFO org.apache.camel.management.ManagedManagementStrategy [main] JMX is enabled
2020-12-31 12:12:19,384 INFO org.apache.camel.impl.DefaultRuntimeEndpointRegistry [main] Runtime endpoint registry is in extended mode gathering usage statistics of all incoming and outgoing endpoints (cache limit: 1000)
2020-12-31 12:12:19,759 INFO org.apache.camel.impl.DefaultCamelContext [main] AllowUseOriginalMessage is enabled. If access to the original message is not needed, then its recommended to turn this option off as it may improve performance.
2020-12-31 12:12:19,816 INFO org.apache.camel.impl.DefaultStreamCachingStrategy [main] StreamCaching in use with spool directory: /tmp/camel/camel-tmp-c838845c-39a7-476a-88c1-61a9293b4ead and rules: [Spool > 128K body size]
2020-12-31 12:12:20,744 INFO org.apache.camel.impl.DefaultCamelContext [main] Route: borrower_application_details_route started and consuming from: Endpoint[direct://test]
2020-12-31 12:12:20,844 INFO org.apache.camel.impl.DefaultCamelContext [main] Route: route1 started and consuming from: Endpoint[http://0.0.0.0:9083/api/getDB?restletMethods=GET]
2020-12-31 12:12:20,848 INFO org.apache.camel.impl.DefaultCamelContext [main] Total 2 routes, of which 2 are started.
2020-12-31 12:12:20,851 INFO org.apache.camel.impl.DefaultCamelContext [main] Apache Camel 2.17.0 (CamelContext: LoanApplication_Context) started in 1.919 seconds
2020-12-31 12:12:20,951 INFO org.apache.camel.util.CamelLogger [main] Hit Received at 2020-12-31T12:12:20:946
2020-12-31 12:12:21,444 INFO org.apache.camel.util.CamelLogger [main] Hit Processed at 2020-12-31T12:12:21:443 [{"loanamtreq":"100000","execempid":"1","eligibility":"t","Name":"Jack","nationality":"Indian","dob":"1990-05-02","officeempid":"1","appid":"1","mthlyincome":"25000","id":"1","appdate":"2020-12-28","pan":"HHOAP6698A","age":"29"}]
2020-12-31 12:12:21,451 INFO org.apache.camel.component.mock.MockEndpoint [main] Asserting: Endpoint[mock://SAP] is satisfied
2020-12-31 12:12:21,451 INFO org.apache.camel.test.junit4.CamelTestSupport [main] ********************************************************************************
2020-12-31 12:12:21,452 INFO org.apache.camel.test.junit4.CamelTestSupport [main] Testing done: testRouteException(com.example.SpringBootTest)
2020-12-31 12:12:21,453 INFO org.apache.camel.test.junit4.CamelTestSupport [main] Took: 0.595 seconds (595 millis)
2020-12-31 12:12:21,453 INFO org.apache.camel.test.junit4.CamelTestSupport [main] ********************************************************************************
2020-12-31 12:12:21,455 INFO org.apache.camel.impl.DefaultCamelContext [main] Apache Camel 2.17.0 (CamelContext: LoanApplication_Context) is shutting down
2020-12-31 12:12:21,457 INFO org.apache.camel.impl.DefaultShutdownStrategy [main] Starting to graceful shutdown 2 routes (timeout 10 seconds)
2020-12-31 12:12:21,510 INFO org.apache.camel.impl.DefaultShutdownStrategy$ShutdownTask [Camel (LoanApplication_Context) thread #0 - ShutdownTask] Route: route1 shutdown complete, was consuming from: Endpoint[http://0.0.0.0:9083/api/getDB?restletMethods=GET]
2020-12-31 12:12:21,515 INFO org.apache.camel.impl.DefaultShutdownStrategy$ShutdownTask [Camel (LoanApplication_Context) thread #0 - ShutdownTask] Route: borrower_application_details_route shutdown complete, was consuming from: Endpoint[direct://test]
2020-12-31 12:12:21,519 INFO org.apache.camel.impl.DefaultShutdownStrategy [main] Graceful shutdown of 2 routes completed in 0 seconds
2020-12-31 12:12:21,551 INFO org.apache.camel.impl.DefaultCamelContext [main] Apache Camel 2.17.0 (CamelContext: LoanApplication_Context) uptime 2.621 seconds
2020-12-31 12:12:21,552 INFO org.apache.camel.impl.DefaultCamelContext [main] Apache Camel 2.17.0 (CamelContext: LoanApplication_Context) is shutdown in 0.095 seconds
2020-12-31 12:15:03,352 INFO org.apache.camel.test.junit4.CamelTestSupport [main] ********************************************************************************
2020-12-31 12:15:03,358 INFO org.apache.camel.test.junit4.CamelTestSupport [main] Testing: testRouteException(com.example.SpringBootTest)
2020-12-31 12:15:03,359 INFO org.apache.camel.test.junit4.CamelTestSupport [main] ********************************************************************************
2020-12-31 12:15:06,552 INFO org.apache.camel.impl.converter.DefaultTypeConverter [main] Loaded 186 type converters
2020-12-31 12:15:06,572 INFO org.apache.camel.impl.DefaultCamelContext [main] Apache Camel 2.17.0 (CamelContext: LoanApplication_Context) is starting
2020-12-31 12:15:06,575 INFO org.apache.camel.impl.DefaultCamelContext [main] StreamCaching is enabled on CamelContext: LoanApplication_Context
2020-12-31 12:15:06,576 INFO org.apache.camel.management.ManagedManagementStrategy [main] JMX is enabled
2020-12-31 12:15:06,879 INFO org.apache.camel.impl.DefaultRuntimeEndpointRegistry [main] Runtime endpoint registry is in extended mode gathering usage statistics of all incoming and outgoing endpoints (cache limit: 1000)
2020-12-31 12:15:07,133 INFO org.apache.camel.impl.DefaultCamelContext [main] AllowUseOriginalMessage is enabled. If access to the original message is not needed, then its recommended to turn this option off as it may improve performance.
2020-12-31 12:15:07,179 INFO org.apache.camel.impl.DefaultStreamCachingStrategy [main] StreamCaching in use with spool directory: /tmp/camel/camel-tmp-c3c84f41-f475-4829-b5ec-3d3b24fce866 and rules: [Spool > 128K body size]
2020-12-31 12:15:07,712 INFO org.apache.camel.impl.DefaultCamelContext [main] Route: borrower_application_details_route started and consuming from: Endpoint[direct://test]
2020-12-31 12:15:07,794 INFO org.apache.camel.impl.DefaultCamelContext [main] Route: route1 started and consuming from: Endpoint[http://0.0.0.0:9083/api/getDB?restletMethods=GET]
2020-12-31 12:15:07,813 INFO org.apache.camel.impl.DefaultCamelContext [main] Total 2 routes, of which 2 are started.
2020-12-31 12:15:07,815 INFO org.apache.camel.impl.DefaultCamelContext [main] Apache Camel 2.17.0 (CamelContext: LoanApplication_Context) started in 1.241 seconds
2020-12-31 12:15:07,855 INFO org.apache.camel.util.CamelLogger [main] Hit Received at 2020-12-31T12:15:07:855
2020-12-31 12:15:08,083 INFO org.apache.camel.util.CamelLogger [main] Hit Processed at 2020-12-31T12:15:08:082 [{"loanamtreq":"100000","execempid":"1","eligibility":"t","Name":"Jack","nationality":"Indian","dob":"1990-05-02","officeempid":"1","appid":"1","mthlyincome":"25000","id":"1","appdate":"2020-12-28","pan":"HHOAP6698A","age":"29"}]
2020-12-31 12:15:08,093 INFO org.apache.camel.test.junit4.CamelTestSupport [main] ********************************************************************************
2020-12-31 12:15:08,095 INFO org.apache.camel.test.junit4.CamelTestSupport [main] Testing done: testRouteException(com.example.SpringBootTest)
2020-12-31 12:15:08,099 INFO org.apache.camel.test.junit4.CamelTestSupport [main] Took: 0.276 seconds (276 millis)
2020-12-31 12:15:08,101 INFO org.apache.camel.test.junit4.CamelTestSupport [main] ********************************************************************************
2020-12-31 12:15:08,106 INFO org.apache.camel.impl.DefaultCamelContext [main] Apache Camel 2.17.0 (CamelContext: LoanApplication_Context) is shutting down
2020-12-31 12:15:08,112 INFO org.apache.camel.impl.DefaultShutdownStrategy [main] Starting to graceful shutdown 2 routes (timeout 10 seconds)
2020-12-31 12:15:08,147 INFO org.apache.camel.impl.DefaultShutdownStrategy$ShutdownTask [Camel (LoanApplication_Context) thread #0 - ShutdownTask] Route: route1 shutdown complete, was consuming from: Endpoint[http://0.0.0.0:9083/api/getDB?restletMethods=GET]
2020-12-31 12:15:08,151 INFO org.apache.camel.impl.DefaultShutdownStrategy$ShutdownTask [Camel (LoanApplication_Context) thread #0 - ShutdownTask] Route: borrower_application_details_route shutdown complete, was consuming from: Endpoint[direct://test]
2020-12-31 12:15:08,157 INFO org.apache.camel.impl.DefaultShutdownStrategy [main] Graceful shutdown of 2 routes completed in 0 seconds
2020-12-31 12:15:08,189 INFO org.apache.camel.impl.DefaultCamelContext [main] Apache Camel 2.17.0 (CamelContext: LoanApplication_Context) uptime 1.618 seconds
2020-12-31 12:15:08,192 INFO org.apache.camel.impl.DefaultCamelContext [main] Apache Camel 2.17.0 (CamelContext: LoanApplication_Context) is shutdown in 0.083 seconds
